2026-01-31 04:57:10 - scheduler - INFO - Scheduler uruchomiony
2026-01-31 04:57:10 - scheduler - INFO - Auto-kick job: co 1h
2026-01-31 04:57:10 - scheduler - INFO - Publish posts job: co 5 minut
2026-01-31 04:58:07 - scheduler - INFO - Scheduler zatrzymany
2026-01-31 04:58:17 - scheduler - INFO - Scheduler uruchomiony
2026-01-31 04:58:17 - scheduler - INFO - Auto-kick job: co 1h
2026-01-31 04:58:17 - scheduler - INFO - Publish posts job: co 5 minut
2026-01-31 05:03:34 - scheduler - INFO - Scheduler zatrzymany
2026-01-31 05:04:06 - scheduler - INFO - Scheduler uruchomiony
2026-01-31 05:04:06 - scheduler - INFO - Auto-kick job: co 1h
2026-01-31 05:04:06 - scheduler - INFO - Publish posts job: co 5 minut
2026-01-31 05:11:11 - scheduler - INFO - Scheduler zatrzymany
2026-01-31 05:11:16 - scheduler - INFO - Scheduler uruchomiony
2026-01-31 05:11:16 - scheduler - INFO - Auto-kick job: co 1h
2026-01-31 05:11:16 - scheduler - INFO - Publish posts job: co 5 minut
2026-01-31 05:14:09 - scheduler - INFO - Scheduler zatrzymany
2026-01-31 05:14:17 - scheduler - INFO - Scheduler uruchomiony
2026-01-31 05:14:17 - scheduler - INFO - Auto-kick job: co 1h
2026-01-31 05:14:17 - scheduler - INFO - Publish posts job: co 5 minut
2026-01-31 05:17:22 - scheduler - INFO - Scheduler zatrzymany
2026-01-31 05:17:26 - scheduler - INFO - Scheduler uruchomiony
2026-01-31 05:17:26 - scheduler - INFO - Auto-kick job: co 1h
2026-01-31 05:17:26 - scheduler - INFO - Publish posts job: co 5 minut
2026-01-31 05:20:44 - scheduler - INFO - Scheduler zatrzymany
2026-01-31 05:20:47 - scheduler - INFO - Scheduler uruchomiony
2026-01-31 05:20:47 - scheduler - INFO - Auto-kick job: co 1h
2026-01-31 05:20:47 - scheduler - INFO - Publish posts job: co 5 minut
2026-01-31 05:22:31 - scheduler - INFO - Scheduler zatrzymany
2026-01-31 05:22:35 - scheduler - INFO - Scheduler uruchomiony
2026-01-31 05:22:35 - scheduler - INFO - Auto-kick job: co 1h
2026-01-31 05:22:35 - scheduler - INFO - Publish posts job: co 5 minut
2026-01-31 05:27:09 - scheduler - INFO - Scheduler zatrzymany
2026-01-31 05:27:12 - scheduler - INFO - Scheduler uruchomiony
2026-01-31 05:27:12 - scheduler - INFO - Auto-kick job: co 1 minutę
2026-01-31 05:27:12 - scheduler - INFO - Publish posts job: co 5 minut
2026-01-31 05:28:12 - scheduler - INFO - Rozpoczynam sprawdzanie wygasłych subskrypcji...
2026-01-31 05:28:12 - scheduler - INFO - Brak wygasłych subskrypcji
2026-01-31 05:29:12 - scheduler - INFO - Rozpoczynam sprawdzanie wygasłych subskrypcji...
2026-01-31 05:29:12 - scheduler - INFO - Brak wygasłych subskrypcji
2026-01-31 05:30:12 - scheduler - INFO - Rozpoczynam sprawdzanie wygasłych subskrypcji...
2026-01-31 05:30:12 - scheduler - INFO - Brak wygasłych subskrypcji
2026-01-31 05:31:12 - scheduler - INFO - Rozpoczynam sprawdzanie wygasłych subskrypcji...
2026-01-31 05:31:12 - scheduler - INFO - Brak wygasłych subskrypcji
2026-01-31 05:32:12 - scheduler - INFO - Rozpoczynam sprawdzanie wygasłych subskrypcji...
2026-01-31 05:32:12 - scheduler - INFO - Brak wygasłych subskrypcji
2026-01-31 05:33:12 - scheduler - INFO - Rozpoczynam sprawdzanie wygasłych subskrypcji...
2026-01-31 05:33:12 - scheduler - INFO - Brak wygasłych subskrypcji
2026-01-31 05:33:22 - scheduler - INFO - Scheduler uruchomiony
2026-01-31 05:33:22 - scheduler - INFO - Auto-kick job: co 1 minutę
2026-01-31 05:33:22 - scheduler - INFO - Publish posts job: co 5 minut
2026-01-31 05:34:22 - scheduler - INFO - Rozpoczynam sprawdzanie wygasłych subskrypcji...
2026-01-31 05:34:22 - scheduler - INFO - Brak wygasłych subskrypcji
2026-01-31 05:35:22 - scheduler - INFO - Rozpoczynam sprawdzanie wygasłych subskrypcji...
2026-01-31 05:35:22 - scheduler - INFO - Brak wygasłych subskrypcji
2026-01-31 05:36:22 - scheduler - INFO - Rozpoczynam sprawdzanie wygasłych subskrypcji...
2026-01-31 05:36:22 - scheduler - INFO - Brak wygasłych subskrypcji
2026-01-31 05:36:39 - scheduler - INFO - Scheduler uruchomiony
2026-01-31 05:36:39 - scheduler - INFO - Auto-kick job: co 1 minutę
2026-01-31 05:36:39 - scheduler - INFO - Publish posts job: co 5 minut
2026-01-31 05:36:57 - scheduler - INFO - Scheduler uruchomiony
2026-01-31 05:36:57 - scheduler - INFO - Auto-kick job: co 1 minutę
2026-01-31 05:36:57 - scheduler - INFO - Publish posts job: co 5 minut
2026-01-31 05:37:57 - scheduler - INFO - Rozpoczynam sprawdzanie wygasłych subskrypcji...
2026-01-31 05:37:57 - scheduler - INFO - Brak wygasłych subskrypcji
2026-01-31 05:38:57 - scheduler - INFO - Rozpoczynam sprawdzanie wygasłych subskrypcji...
2026-01-31 05:38:57 - scheduler - INFO - Brak wygasłych subskrypcji
2026-01-31 05:39:41 - scheduler - INFO - Scheduler uruchomiony
2026-01-31 05:39:41 - scheduler - INFO - Auto-kick job: co 1 minutę
2026-01-31 05:39:41 - scheduler - INFO - Publish posts job: co 5 minut
2026-01-31 05:40:41 - scheduler - INFO - Rozpoczynam sprawdzanie wygasłych subskrypcji...
2026-01-31 05:40:41 - scheduler - INFO - Brak wygasłych subskrypcji
2026-01-31 05:41:41 - scheduler - INFO - Rozpoczynam sprawdzanie wygasłych subskrypcji...
2026-01-31 05:41:41 - scheduler - INFO - Brak wygasłych subskrypcji
2026-01-31 05:42:41 - scheduler - INFO - Rozpoczynam sprawdzanie wygasłych subskrypcji...
2026-01-31 05:42:41 - scheduler - INFO - Brak wygasłych subskrypcji
2026-01-31 05:42:46 - scheduler - INFO - Scheduler uruchomiony
2026-01-31 05:42:46 - scheduler - INFO - Auto-kick job: co 1 minutę
2026-01-31 05:42:46 - scheduler - INFO - Publish posts job: co 5 minut
2026-01-31 05:43:30 - scheduler - INFO - Rozpoczynam sprawdzanie wygasłych subskrypcji...
2026-01-31 05:43:30 - scheduler - INFO - Brak wygasłych subskrypcji
2026-01-31 05:43:46 - scheduler - INFO - Rozpoczynam sprawdzanie wygasłych subskrypcji...
2026-01-31 05:43:46 - scheduler - INFO - Brak wygasłych subskrypcji
2026-01-31 05:44:46 - scheduler - INFO - Rozpoczynam sprawdzanie wygasłych subskrypcji...
2026-01-31 05:44:46 - scheduler - INFO - Brak wygasłych subskrypcji
2026-01-31 05:45:46 - scheduler - INFO - Rozpoczynam sprawdzanie wygasłych subskrypcji...
2026-01-31 05:45:46 - scheduler - INFO - Brak wygasłych subskrypcji
2026-01-31 05:46:42 - scheduler - INFO - Scheduler uruchomiony
2026-01-31 05:46:42 - scheduler - INFO - Auto-kick job: co 1h
2026-01-31 05:46:42 - scheduler - INFO - Publish posts job: co 5 minut
2026-01-31 13:13:51 - scheduler - INFO - Scheduler uruchomiony
2026-01-31 13:13:51 - scheduler - INFO - Auto-kick job: co 1 minutę
2026-01-31 13:13:51 - scheduler - INFO - Publish posts job: co 5 minut
2026-01-31 13:14:51 - scheduler - INFO - Rozpoczynam sprawdzanie wygasłych subskrypcji...
2026-01-31 13:14:51 - scheduler - INFO - Brak wygasłych subskrypcji
2026-01-31 13:15:51 - scheduler - INFO - Rozpoczynam sprawdzanie wygasłych subskrypcji...
2026-01-31 13:15:51 - scheduler - INFO - Brak wygasłych subskrypcji
2026-01-31 13:16:51 - scheduler - INFO - Rozpoczynam sprawdzanie wygasłych subskrypcji...
2026-01-31 13:16:51 - scheduler - INFO - Brak wygasłych subskrypcji
2026-01-31 13:17:18 - scheduler - INFO - Scheduler uruchomiony
2026-01-31 13:17:18 - scheduler - INFO - Auto-kick job: co 1 minutę
2026-01-31 13:17:18 - scheduler - INFO - Publish posts job: co 5 minut
2026-01-31 13:18:18 - scheduler - INFO - Rozpoczynam sprawdzanie wygasłych subskrypcji...
2026-01-31 13:18:18 - scheduler - INFO - Brak wygasłych subskrypcji
2026-01-31 13:19:18 - scheduler - INFO - Rozpoczynam sprawdzanie wygasłych subskrypcji...
2026-01-31 13:19:18 - scheduler - INFO - Brak wygasłych subskrypcji
2026-01-31 13:20:18 - scheduler - INFO - Rozpoczynam sprawdzanie wygasłych subskrypcji...
2026-01-31 13:20:18 - scheduler - INFO - Brak wygasłych subskrypcji
2026-01-31 13:20:29 - scheduler - INFO - Scheduler zatrzymany
2026-01-31 13:20:33 - scheduler - INFO - Scheduler uruchomiony
2026-01-31 13:20:33 - scheduler - INFO - Auto-kick job: co 1 minutę
2026-01-31 13:20:33 - scheduler - INFO - Publish posts job: co 5 minut
2026-01-31 13:21:33 - scheduler - INFO - Rozpoczynam sprawdzanie wygasłych subskrypcji...
2026-01-31 13:21:33 - scheduler - INFO - Znaleziono 1 wygasłych subskrypcji
2026-01-31 13:21:33 - scheduler - INFO -   → User 1342685360 (@sprzedamgruz): wygasł 2026-01-31 13:25:00, tier=Bronze
2026-01-31 13:21:33 - scheduler - INFO - Rozpoczynam kickowanie z kanału -1003565350305
2026-01-31 13:21:34 - scheduler - WARNING - Nie można wysłać wiadomości o wygaśnięciu do 1342685360: Telegram server says - Forbidden: bot can't initiate conversation with a user
2026-01-31 13:21:34 - scheduler - INFO - Usunięto użytkownika 1342685360
2026-01-31 13:21:35 - scheduler - INFO - Zakończono sprawdzanie. Usunięto 1 użytkowników
2026-01-31 13:22:33 - scheduler - INFO - Rozpoczynam sprawdzanie wygasłych subskrypcji...
2026-01-31 13:22:33 - scheduler - INFO - Brak wygasłych subskrypcji
2026-01-31 13:23:33 - scheduler - INFO - Rozpoczynam sprawdzanie wygasłych subskrypcji...
2026-01-31 13:23:33 - scheduler - INFO - Brak wygasłych subskrypcji
2026-01-31 13:24:33 - scheduler - INFO - Rozpoczynam sprawdzanie wygasłych subskrypcji...
2026-01-31 13:24:33 - scheduler - INFO - Brak wygasłych subskrypcji
2026-01-31 13:25:33 - scheduler - INFO - Rozpoczynam sprawdzanie wygasłych subskrypcji...
2026-01-31 13:25:33 - scheduler - INFO - Brak wygasłych subskrypcji
2026-01-31 13:25:40 - scheduler - INFO - Scheduler zatrzymany
2026-01-31 13:25:54 - scheduler - INFO - Scheduler uruchomiony
2026-01-31 13:25:54 - scheduler - INFO - Auto-kick job: co 1 minutę
2026-01-31 13:25:54 - scheduler - INFO - Publish posts job: co 5 minut
2026-01-31 13:26:54 - scheduler - INFO - Znaleziono 1 wygasłych subskrypcji
2026-01-31 13:26:54 - scheduler - ERROR - Błąd banowania 1342685360: name 'html' is not defined
2026-01-31 13:27:42 - scheduler - INFO - Scheduler zatrzymany
2026-01-31 13:29:10 - scheduler - INFO - Scheduler uruchomiony
2026-01-31 13:29:10 - scheduler - INFO - Auto-kick job: co 1 minutę
2026-01-31 13:29:10 - scheduler - INFO - Publish posts job: co 5 minut
2026-01-31 13:34:10 - scheduler - INFO - Znaleziono 1 postów do publikacji
2026-01-31 13:34:11 - scheduler - INFO - Opublikowano post 1
2026-01-31 13:34:13 - scheduler - INFO - Opublikowano 1 postów
2026-01-31 13:40:13 - scheduler - INFO - Scheduler zatrzymany
2026-01-31 13:40:18 - scheduler - INFO - Scheduler uruchomiony
2026-01-31 13:40:18 - scheduler - INFO - Auto-kick job: co 1 minutę
2026-01-31 13:40:18 - scheduler - INFO - Publish posts job: co 5 minut
2026-01-31 13:41:06 - scheduler - INFO - Scheduler uruchomiony
2026-01-31 13:41:06 - scheduler - INFO - Auto-kick job: co 1 minutę
2026-01-31 13:41:06 - scheduler - INFO - Publish posts job: co 5 minut
2026-01-31 13:46:58 - scheduler - INFO - Scheduler zatrzymany
2026-01-31 13:47:02 - scheduler - INFO - Scheduler uruchomiony
2026-01-31 13:47:02 - scheduler - INFO - Auto-kick job: co 1 minutę
2026-01-31 13:47:02 - scheduler - INFO - Publish posts job: co 5 minut
2026-01-31 13:48:54 - scheduler - INFO - Scheduler uruchomiony
2026-01-31 13:48:54 - scheduler - INFO - Auto-kick job: co 1 minutę
2026-01-31 13:48:54 - scheduler - INFO - Publish posts job: co 5 minut
2026-01-31 13:50:32 - scheduler - INFO - Scheduler uruchomiony
2026-01-31 13:50:32 - scheduler - INFO - Auto-kick job: co 1 minutę
2026-01-31 13:50:32 - scheduler - INFO - Publish posts job: co 5 minut
2026-01-31 13:52:50 - scheduler - INFO - Scheduler uruchomiony
2026-01-31 13:52:50 - scheduler - INFO - Auto-kick job: co 1 minutę
2026-01-31 13:52:50 - scheduler - INFO - Publish posts job: co 5 minut
2026-01-31 14:11:13 - scheduler - INFO - Scheduler uruchomiony
2026-01-31 14:11:13 - scheduler - INFO - Auto-kick job: co 1 minutę
2026-01-31 14:11:13 - scheduler - INFO - Publish posts job: co 5 minut
2026-01-31 14:21:13 - scheduler - INFO - Scheduler zatrzymany
2026-01-31 15:09:42 - scheduler - INFO - Scheduler uruchomiony
2026-01-31 15:09:42 - scheduler - INFO - Auto-kick job: co 1 minutę
2026-01-31 15:09:42 - scheduler - INFO - Publish posts job: co 5 minut
2026-01-31 15:20:08 - scheduler - INFO - Scheduler uruchomiony
2026-01-31 15:20:08 - scheduler - INFO - Auto-kick job: co 1 minutę
2026-01-31 15:20:08 - scheduler - INFO - Publish posts job: co 5 minut
2026-01-31 15:22:43 - scheduler - INFO - Scheduler uruchomiony
2026-01-31 15:22:43 - scheduler - INFO - Auto-kick job: co 1 minutę
2026-01-31 15:22:43 - scheduler - INFO - Publish posts job: co 5 minut
2026-01-31 15:23:55 - scheduler - INFO - Scheduler uruchomiony
2026-01-31 15:23:55 - scheduler - INFO - Auto-kick job: co 1 minutę
2026-01-31 15:23:55 - scheduler - INFO - Publish posts job: co 5 minut
2026-01-31 15:34:49 - scheduler - INFO - Scheduler uruchomiony
2026-01-31 15:34:49 - scheduler - INFO - Auto-kick job: co 1 minutę
2026-01-31 15:34:49 - scheduler - INFO - Publish posts job: co 5 minut
2026-01-31 15:39:39 - scheduler - INFO - Scheduler uruchomiony
2026-01-31 15:39:39 - scheduler - INFO - Auto-kick job: co 1 minutę
2026-01-31 15:39:39 - scheduler - INFO - Publish posts job: co 5 minut
2026-01-31 15:43:37 - scheduler - INFO - Scheduler uruchomiony
2026-01-31 15:43:37 - scheduler - INFO - Auto-kick job: co 1 minutę
2026-01-31 15:43:37 - scheduler - INFO - Publish posts job: co 5 minut
2026-01-31 17:42:49 - scheduler - INFO - Scheduler uruchomiony
2026-01-31 17:42:49 - scheduler - INFO - Auto-kick job: co 1 minutę
2026-01-31 17:42:49 - scheduler - INFO - Publish posts job: co 5 minut
2026-01-31 17:47:16 - scheduler - INFO - Scheduler zatrzymany
2026-01-31 17:47:21 - scheduler - INFO - Scheduler uruchomiony
2026-01-31 17:47:21 - scheduler - INFO - Auto-kick job: co 1 minutę
2026-01-31 17:47:21 - scheduler - INFO - Publish posts job: co 5 minut
2026-01-31 17:51:52 - scheduler - INFO - Scheduler zatrzymany
2026-01-31 17:52:02 - scheduler - INFO - Scheduler uruchomiony
2026-01-31 17:52:02 - scheduler - INFO - Auto-kick job: co 1 minutę
2026-01-31 17:52:02 - scheduler - INFO - Publish posts job: co 5 minut
2026-01-31 17:56:26 - scheduler - INFO - Scheduler uruchomiony
2026-01-31 17:56:26 - scheduler - INFO - Auto-kick job: co 1 minutę
2026-01-31 17:56:26 - scheduler - INFO - Publish posts job: co 5 minut
2026-01-31 17:57:26 - scheduler - INFO - Znaleziono 1 wygasłych subskrypcji
2026-01-31 17:57:26 - scheduler - ERROR - Błąd banowania 1342685360: SubscriptionManager.update_subscription_status() missing 1 required positional argument: 'status'
2026-01-31 17:58:26 - scheduler - INFO - Znaleziono 1 wygasłych subskrypcji
2026-01-31 17:58:26 - scheduler - ERROR - Błąd banowania 1342685360: SubscriptionManager.update_subscription_status() missing 1 required positional argument: 'status'
2026-01-31 17:59:26 - scheduler - INFO - Znaleziono 1 wygasłych subskrypcji
2026-01-31 17:59:26 - scheduler - ERROR - Błąd banowania 1342685360: SubscriptionManager.update_subscription_status() missing 1 required positional argument: 'status'
2026-01-31 18:00:26 - scheduler - INFO - Znaleziono 1 wygasłych subskrypcji
2026-01-31 18:00:26 - scheduler - ERROR - Błąd banowania 1342685360: SubscriptionManager.update_subscription_status() missing 1 required positional argument: 'status'
2026-01-31 18:01:26 - scheduler - INFO - Znaleziono 1 wygasłych subskrypcji
2026-01-31 18:01:26 - scheduler - ERROR - Błąd banowania 1342685360: SubscriptionManager.update_subscription_status() missing 1 required positional argument: 'status'
2026-01-31 18:02:26 - scheduler - INFO - Znaleziono 1 wygasłych subskrypcji
2026-01-31 18:02:26 - scheduler - ERROR - Błąd banowania 1342685360: SubscriptionManager.update_subscription_status() missing 1 required positional argument: 'status'
2026-01-31 18:02:36 - scheduler - INFO - Scheduler uruchomiony
2026-01-31 18:02:36 - scheduler - INFO - Auto-kick job: co 1 minutę
2026-01-31 18:02:36 - scheduler - INFO - Publish posts job: co 5 minut
2026-01-31 18:03:36 - scheduler - INFO - Znaleziono 1 wygasłych subskrypcji
2026-01-31 18:03:37 - scheduler - ERROR - Błąd banowania 1342685360: SubscriptionManager.update_subscription_status() missing 1 required positional argument: 'status'
2026-01-31 18:04:36 - scheduler - INFO - Znaleziono 1 wygasłych subskrypcji
2026-01-31 18:04:37 - scheduler - ERROR - Błąd banowania 1342685360: SubscriptionManager.update_subscription_status() missing 1 required positional argument: 'status'
2026-01-31 18:05:36 - scheduler - INFO - Znaleziono 1 wygasłych subskrypcji
2026-01-31 18:05:37 - scheduler - ERROR - Błąd banowania 1342685360: SubscriptionManager.update_subscription_status() missing 1 required positional argument: 'status'
2026-01-31 18:06:36 - scheduler - INFO - Znaleziono 1 wygasłych subskrypcji
2026-01-31 18:06:37 - scheduler - ERROR - Błąd banowania 1342685360: SubscriptionManager.update_subscription_status() missing 1 required positional argument: 'status'
2026-01-31 18:07:36 - scheduler - INFO - Znaleziono 1 wygasłych subskrypcji
2026-01-31 18:07:37 - scheduler - ERROR - Błąd banowania 1342685360: SubscriptionManager.update_subscription_status() missing 1 required positional argument: 'status'
2026-01-31 18:12:45 - scheduler - INFO - Scheduler uruchomiony
2026-01-31 18:12:45 - scheduler - INFO - Auto-kick job: co 1 minutę
2026-01-31 18:12:45 - scheduler - INFO - Publish posts job: co 5 minut
2026-01-31 18:23:01 - scheduler - INFO - Scheduler uruchomiony
2026-01-31 18:23:01 - scheduler - INFO - Auto-kick job: co 1 minutę
2026-01-31 18:23:01 - scheduler - INFO - Publish posts job: co 5 minut
2026-01-31 18:25:59 - scheduler - INFO - Scheduler zatrzymany
2026-01-31 18:26:05 - scheduler - INFO - Scheduler uruchomiony
2026-01-31 18:26:05 - scheduler - INFO - Auto-kick job: co 1 minutę
2026-01-31 18:26:05 - scheduler - INFO - Publish posts job: co 5 minut
2026-01-31 18:31:34 - scheduler - INFO - Scheduler uruchomiony
2026-01-31 18:31:34 - scheduler - INFO - Auto-kick job: co 1 minutę
2026-01-31 18:31:34 - scheduler - INFO - Publish posts job: co 5 minut
2026-01-31 18:34:29 - scheduler - INFO - Scheduler uruchomiony
2026-01-31 18:34:29 - scheduler - INFO - Auto-kick job: co 1 minutę
2026-01-31 18:34:29 - scheduler - INFO - Publish posts job: co 5 minut
2026-01-31 18:37:41 - scheduler - INFO - Scheduler zatrzymany
2026-01-31 18:37:46 - scheduler - INFO - Scheduler uruchomiony
2026-01-31 18:37:46 - scheduler - INFO - Auto-kick job: co 1 minutę
2026-01-31 18:37:46 - scheduler - INFO - Publish posts job: co 5 minut
2026-01-31 19:39:40 - scheduler - INFO - Scheduler zatrzymany
2026-01-31 19:41:43 - scheduler - INFO - Scheduler uruchomiony
2026-01-31 19:41:43 - scheduler - INFO - Auto-kick job: co 1 minutę
2026-01-31 19:41:43 - scheduler - INFO - Publish posts job: co 5 minut
2026-01-31 19:42:43 - scheduler - INFO - Znaleziono 1 wygasłych subskrypcji
2026-01-31 19:42:43 - scheduler - ERROR - Błąd banowania 1342685360: SubscriptionManager.update_subscription_status() missing 1 required positional argument: 'status'
2026-01-31 21:14:10 - scheduler - INFO - Scheduler zatrzymany
2026-01-31 21:14:17 - scheduler - INFO - Scheduler uruchomiony
2026-01-31 21:14:17 - scheduler - INFO - Auto-kick job: co 1 minutę
2026-01-31 21:14:17 - scheduler - INFO - Publish posts job: co 5 minut
2026-01-31 21:28:42 - scheduler - INFO - Scheduler uruchomiony
2026-01-31 21:28:42 - scheduler - INFO - Auto-kick job: co 1 minutę
2026-01-31 21:28:42 - scheduler - INFO - Publish posts job: co 5 minut
2026-01-31 21:32:40 - scheduler - INFO - Scheduler zatrzymany
2026-01-31 21:32:44 - scheduler - INFO - Scheduler uruchomiony
2026-01-31 21:32:44 - scheduler - INFO - Auto-kick job: co 1 minutę
2026-01-31 21:32:44 - scheduler - INFO - Publish posts job: co 5 minut
2026-01-31 21:55:19 - scheduler - INFO - Scheduler uruchomiony
2026-01-31 21:55:19 - scheduler - INFO - Auto-kick job: co 1 minutę
2026-01-31 21:55:19 - scheduler - INFO - Publish posts job: co 5 minut
2026-01-31 21:57:19 - scheduler - INFO - Znaleziono 1 wygasłych subskrypcji
2026-01-31 21:57:19 - scheduler - ERROR - Błąd banowania 1342685360: SubscriptionManager.update_subscription_status() missing 1 required positional argument: 'status'
2026-01-31 22:01:00 - scheduler - INFO - Scheduler uruchomiony
2026-01-31 22:01:00 - scheduler - INFO - Auto-kick job: co 1 minutę
2026-01-31 22:01:00 - scheduler - INFO - Publish posts job: co 5 minut
2026-01-31 22:06:37 - scheduler - INFO - Scheduler uruchomiony
2026-01-31 22:06:37 - scheduler - INFO - Auto-kick job: co 1 minutę
2026-01-31 22:06:37 - scheduler - INFO - Publish posts job: co 5 minut
2026-01-31 22:08:23 - scheduler - INFO - Scheduler uruchomiony
2026-01-31 22:08:23 - scheduler - INFO - Auto-kick job: co 1 minutę
2026-01-31 22:08:23 - scheduler - INFO - Publish posts job: co 5 minut
2026-01-31 22:09:24 - scheduler - INFO - Scheduler uruchomiony
2026-01-31 22:09:24 - scheduler - INFO - Auto-kick job: co 1 minutę
2026-01-31 22:09:24 - scheduler - INFO - Publish posts job: co 5 minut
2026-01-31 22:24:33 - scheduler - INFO - Scheduler uruchomiony
2026-01-31 22:24:33 - scheduler - INFO - Auto-kick job: co 1 minutę
2026-01-31 22:24:33 - scheduler - INFO - Publish posts job: co 5 minut
2026-01-31 22:28:38 - scheduler - INFO - Scheduler uruchomiony
2026-01-31 22:28:38 - scheduler - INFO - Auto-kick job: co 1 minutę
2026-01-31 22:28:38 - scheduler - INFO - Publish posts job: co 5 minut
2026-01-31 22:43:26 - scheduler - INFO - Scheduler uruchomiony
2026-01-31 22:43:26 - scheduler - INFO - Auto-kick job: co 1 minutę
2026-01-31 22:43:26 - scheduler - INFO - Publish posts job: co 5 minut
2026-01-31 22:50:43 - scheduler - INFO - Scheduler uruchomiony (publish co 1 min)
2026-01-31 22:54:00 - scheduler - INFO - Scheduler uruchomiony (publish co 1 min)
2026-01-31 22:56:25 - scheduler - INFO - Scheduler uruchomiony (publish co 1 min)
2026-01-31 22:57:25 - scheduler - INFO - Planer: sprawdzono terminy, do publikacji teraz: 3 postów
2026-01-31 22:57:25 - scheduler - INFO - Opublikowano post 2 dla 8489479793
2026-01-31 22:57:28 - scheduler - INFO - Opublikowano post 3 dla 8489479793
2026-01-31 22:57:31 - scheduler - INFO - Opublikowano post 4 dla 8489479793
2026-01-31 22:57:33 - scheduler - INFO - Opublikowano 3 postów
2026-01-31 23:05:21 - scheduler - INFO - Scheduler uruchomiony (publish co 1 min)
2026-01-31 23:07:21 - scheduler - INFO - Planer: sprawdzono terminy, do publikacji teraz: 1 postów
2026-01-31 23:07:22 - scheduler - INFO - Opublikowano post 5 dla 8489479793
2026-01-31 23:07:24 - scheduler - INFO - Opublikowano 1 postów
2026-01-31 23:12:40 - scheduler - INFO - Scheduler uruchomiony (publish co 1 min)
2026-01-31 23:18:56 - scheduler - INFO - Scheduler uruchomiony (publish co 1 min)
2026-01-31 23:27:07 - scheduler - INFO - Scheduler uruchomiony (publish co 1 min)
2026-01-31 23:32:33 - scheduler - INFO - Scheduler uruchomiony (publish co 1 min)
2026-01-31 23:34:40 - scheduler - INFO - Scheduler uruchomiony (publish co 1 min)
2026-02-01 00:25:59 - scheduler - INFO - Scheduler uruchomiony (publish co 1 min)
2026-02-01 00:47:59 - scheduler - INFO - Scheduler uruchomiony (publish co 1 min)
2026-02-01 00:48:29 - scheduler - INFO - Scheduler uruchomiony (publish co 1 min)
2026-02-01 00:56:29 - scheduler - INFO - Scheduler uruchomiony (publish co 1 min)
2026-02-01 00:59:15 - scheduler - INFO - Scheduler uruchomiony (publish co 1 min)
2026-02-01 01:00:34 - scheduler - INFO - Scheduler uruchomiony (publish co 1 min)
2026-02-01 01:16:46 - scheduler - INFO - Scheduler uruchomiony (publish co 1 min)
2026-02-01 02:18:49 - scheduler - INFO - Scheduler uruchomiony (publish co 1 min)
2026-02-01 02:37:13 - scheduler - INFO - Scheduler uruchomiony (publish co 1 min)
2026-02-01 02:46:42 - scheduler - INFO - Scheduler uruchomiony (publish co 1 min)
2026-02-01 02:48:18 - scheduler - INFO - Scheduler uruchomiony (publish co 1 min)
2026-02-01 02:48:53 - scheduler - INFO - Scheduler uruchomiony (publish co 1 min)
2026-02-01 02:51:45 - scheduler - INFO - Scheduler uruchomiony (publish co 1 min)
2026-02-01 03:08:48 - scheduler - INFO - Scheduler uruchomiony (publish co 1 min)
2026-02-01 03:29:58 - scheduler - INFO - Scheduler uruchomiony (publish co 1 min)
2026-02-01 03:34:52 - scheduler - INFO - Scheduler uruchomiony (publish co 1 min)
2026-02-01 03:38:38 - scheduler - INFO - Scheduler uruchomiony (publish co 1 min)
2026-02-01 03:41:07 - scheduler - INFO - Scheduler uruchomiony (publish co 1 min)
2026-02-01 03:53:53 - scheduler - INFO - Scheduler uruchomiony (publish co 1 min)
2026-02-01 03:57:56 - scheduler - INFO - Scheduler uruchomiony (publish co 1 min)
2026-02-01 04:07:44 - scheduler - INFO - Scheduler uruchomiony (publish co 1 min)
2026-02-01 04:14:00 - scheduler - INFO - Scheduler uruchomiony (publish co 1 min)
2026-02-01 04:23:50 - scheduler - INFO - Scheduler uruchomiony (publish co 1 min)
2026-02-01 04:34:44 - scheduler - INFO - Scheduler uruchomiony (publish co 1 min)
2026-02-01 04:43:52 - scheduler - INFO - Scheduler uruchomiony (publish co 1 min)
2026-02-01 04:46:25 - scheduler - INFO - Scheduler uruchomiony (publish co 1 min)
2026-02-01 04:48:36 - scheduler - INFO - Scheduler uruchomiony (publish co 1 min)
2026-02-01 04:53:45 - scheduler - INFO - Scheduler uruchomiony (publish co 1 min)
2026-02-01 05:05:48 - scheduler - INFO - Scheduler uruchomiony (publish co 1 min)
2026-02-01 05:12:54 - scheduler - INFO - Scheduler uruchomiony (publish co 1 min)
2026-02-01 05:17:25 - scheduler - INFO - Scheduler uruchomiony (publish co 1 min)
2026-02-01 05:19:14 - scheduler - INFO - Scheduler uruchomiony (publish co 1 min)
2026-02-01 05:20:05 - scheduler - INFO - Scheduler uruchomiony (publish co 1 min)
2026-02-01 05:21:18 - scheduler - INFO - Scheduler uruchomiony (publish co 1 min)
2026-02-01 05:40:35 - scheduler - INFO - Scheduler uruchomiony (publish co 1 min)
2026-02-01 05:55:02 - scheduler - INFO - Scheduler zatrzymany
2026-02-01 05:55:19 - scheduler - INFO - Scheduler uruchomiony (publish co 1 min)
2026-02-01 06:05:15 - scheduler - INFO - Scheduler zatrzymany
2026-02-01 06:05:22 - scheduler - INFO - Scheduler uruchomiony (publish co 1 min)
2026-02-01 06:17:21 - scheduler - INFO - Scheduler uruchomiony (publish co 1 min)
2026-02-01 06:19:13 - scheduler - INFO - Scheduler uruchomiony (publish co 1 min)
2026-02-01 06:19:59 - scheduler - INFO - Scheduler uruchomiony (publish co 1 min)
2026-02-01 06:52:48 - scheduler - INFO - Scheduler uruchomiony (publish co 1 min)
2026-02-01 07:00:58 - scheduler - INFO - Scheduler uruchomiony (publish co 1 min)
